2026-03-18 04:18:17,678:DEBUG:certbot._internal.main:certbot version: 5.3.1
2026-03-18 04:18:17,679:DEBUG:certbot._internal.main:Location of certbot entry point: /opt/certbot/bin/certbot
2026-03-18 04:18:17,679:DEBUG:certbot._internal.main:Arguments: ['--config', '/etc/letsencrypt.ini', '--work-dir', '/tmp/letsencrypt-lib', '--logs-dir', '/data/logs', '--cert-name', 'npm-2', '--agree-tos', '--authenticator', 'webroot', '-m', 'admin@apper.ph', '--preferred-challenges', 'http', '--domains', 'user1.vscode.apperlabs.com']
2026-03-18 04:18:17,679:DEBUG:certbot._internal.main:Discovered plugins: PluginsRegistry(PluginEntryPoint#manual,PluginEntryPoint#null,PluginEntryPoint#standalone,PluginEntryPoint#webroot)
2026-03-18 04:18:17,695:DEBUG:certbot._internal.log:Root logging level set at 30
2026-03-18 04:18:17,696:DEBUG:certbot._internal.plugins.selection:Requested authenticator webroot and installer None
2026-03-18 04:18:17,696:DEBUG:certbot._internal.plugins.selection:Single candidate plugin: * webroot
Description: Saves the necessary validation files to a .well-known/acme-challenge/ directory within the nominated webroot path. A separate HTTP server must be running and serving files from the webroot path. HTTP challenge only (wildcards not supported).
Interfaces: Authenticator, Plugin
Entry point: EntryPoint(name='webroot', value='certbot._internal.plugins.webroot:Authenticator', group='certbot.plugins')
Initialized: <certbot._internal.plugins.webroot.Authenticator object at 0x741c31fc7e10>
Prep: True
2026-03-18 04:18:17,697:DEBUG:certbot._internal.plugins.selection:Selected authenticator <certbot._internal.plugins.webroot.Authenticator object at 0x741c31fc7e10> and installer None
2026-03-18 04:18:17,697:INFO:certbot._internal.plugins.selection:Plugins selected: Authenticator webroot, Installer None
2026-03-18 04:18:17,774:DEBUG:certbot._internal.main:Picked account: <Account(RegistrationResource(body=Registration(key=None, contact=(), agreement=None, status=None, terms_of_service_agreed=None, only_return_existing=None, external_account_binding=None), uri='https://acme-v02.api.letsencrypt.org/acme/acct/3155380841', new_authzr_uri=None, terms_of_service=None), 66cd78e909be6943316d1e67fbfe1fdf, Meta(creation_dt=datetime.datetime(2026, 3, 18, 4, 16, 45, tzinfo=datetime.timezone.utc), creation_host='8682eadba8a3', register_to_eff=None))>
2026-03-18 04:18:17,774:DEBUG:acme.client:Sending GET request to https://acme-v02.api.letsencrypt.org/directory.
2026-03-18 04:18:17,777:DEBUG:urllib3.connectionpool:Starting new HTTPS connection (1): acme-v02.api.letsencrypt.org:443
2026-03-18 04:18:18,418:DEBUG:urllib3.connectionpool:https://acme-v02.api.letsencrypt.org:443 "GET /directory HTTP/1.1" 200 1033
2026-03-18 04:18:18,419:DEBUG:acme.client:Received response:
HTTP 200
Server: nginx
Date: Wed, 18 Mar 2026 04:18:18 GMT
Content-Type: application/json
Content-Length: 1033
Connection: keep-alive
Cache-Control: public, max-age=0, no-cache
X-Frame-Options: DENY
Strict-Transport-Security: max-age=604800

{
  "keyChange": "https://acme-v02.api.letsencrypt.org/acme/key-change",
  "mcedgm0xFVM": "https://community.letsencrypt.org/t/adding-random-entries-to-the-directory/33417",
  "meta": {
    "caaIdentities": [
      "letsencrypt.org"
    ],
    "profiles": {
      "classic": "https://letsencrypt.org/docs/profiles#classic",
      "shortlived": "https://letsencrypt.org/docs/profiles#shortlived",
      "tlsclient": "https://letsencrypt.org/docs/profiles#tlsclient",
      "tlsserver": "https://letsencrypt.org/docs/profiles#tlsserver"
    },
    "termsOfService": "https://letsencrypt.org/documents/LE-SA-v1.6-August-18-2025.pdf",
    "website": "https://letsencrypt.org"
  },
  "newAccount": "https://acme-v02.api.letsencrypt.org/acme/new-acct",
  "newNonce": "https://acme-v02.api.letsencrypt.org/acme/new-nonce",
  "newOrder": "https://acme-v02.api.letsencrypt.org/acme/new-order",
  "renewalInfo": "https://acme-v02.api.letsencrypt.org/acme/renewal-info",
  "revokeCert": "https://acme-v02.api.letsencrypt.org/acme/revoke-cert"
}
2026-03-18 04:18:18,419:DEBUG:certbot._internal.display.obj:Notifying user: Requesting a certificate for user1.vscode.apperlabs.com
2026-03-18 04:18:18,422:DEBUG:acme.client:Requesting fresh nonce
2026-03-18 04:18:18,423:DEBUG:acme.client:Sending HEAD request to https://acme-v02.api.letsencrypt.org/acme/new-nonce.
2026-03-18 04:18:18,635:DEBUG:urllib3.connectionpool:https://acme-v02.api.letsencrypt.org:443 "HEAD /acme/new-nonce HTTP/1.1" 200 0
2026-03-18 04:18:18,636:DEBUG:acme.client:Received response:
HTTP 200
Server: nginx
Date: Wed, 18 Mar 2026 04:18:18 GMT
Connection: keep-alive
Cache-Control: public, max-age=0, no-cache
Link: <https://acme-v02.api.letsencrypt.org/directory>;rel="index"
Replay-Nonce: sZBwmB34SBNan5_jPknGde2RyMPHeecZYwF5kPHvgFs4w8Y7bDk
X-Frame-Options: DENY
Strict-Transport-Security: max-age=604800


2026-03-18 04:18:18,636:DEBUG:acme.client:Storing nonce: sZBwmB34SBNan5_jPknGde2RyMPHeecZYwF5kPHvgFs4w8Y7bDk
2026-03-18 04:18:18,636:DEBUG:acme.client:JWS payload:
b'{\n  "identifiers": [\n    {\n      "type": "dns",\n      "value": "user1.vscode.apperlabs.com"\n    }\n  ]\n}'
2026-03-18 04:18:18,639:DEBUG:acme.client:Sending POST request to https://acme-v02.api.letsencrypt.org/acme/new-order:
{
  "protected": "eyJhbGciOiAiUlMyNTYiLCAia2lkIjogImh0dHBzOi8vYWNtZS12MDIuYXBpLmxldHNlbmNyeXB0Lm9yZy9hY21lL2FjY3QvMzE1NTM4MDg0MSIsICJub25jZSI6ICJzWkJ3bUIzNFNCTmFuNV9qUGtuR2RlMlJ5TVBIZWVjWll3RjVrUEh2Z0ZzNHc4WTdiRGsiLCAidXJsIjogImh0dHBzOi8vYWNtZS12MDIuYXBpLmxldHNlbmNyeXB0Lm9yZy9hY21lL25ldy1vcmRlciJ9",
  "signature": "fzUsiYYpCxu2-epOo_bjqOiPw-2EinwtknqKOKyh7ZBJXVqclz9ToGzMiDsCniIR-Z6Rr6E_VDxN07_Alxcw7N9lASy9OiBF5ZArU0E_VtSF20xWh_r3hqLCtEV6nmc7U5LQL2oIuu8xYQaV6pO5frGnuiey_X7LbFf__IO_Y6BfetTF03aaT6DE7rj6JcqSm8nAqE0UU4M_ZGIbZQScr4fTwUvKcpLnIHCxAng1vTtHmI0Pxw9X8brICA0MrtvmKynJJOMxLhUDZkWLcE9h4rFb_3N5FCtGYpNZYy3Hof8ImlMVqoRSHgPdvsxBR75U0exxDfKZQEjWtveZQIiJ6Q",
  "payload": "ewogICJpZGVudGlmaWVycyI6IFsKICAgIHsKICAgICAgInR5cGUiOiAiZG5zIiwKICAgICAgInZhbHVlIjogInVzZXIxLnZzY29kZS5hcHBlcmxhYnMuY29tIgogICAgfQogIF0KfQ"
}
2026-03-18 04:18:18,924:DEBUG:urllib3.connectionpool:https://acme-v02.api.letsencrypt.org:443 "POST /acme/new-order HTTP/1.1" 201 360
2026-03-18 04:18:18,924:DEBUG:acme.client:Received response:
HTTP 201
Server: nginx
Date: Wed, 18 Mar 2026 04:18:18 GMT
Content-Type: application/json
Content-Length: 360
Connection: keep-alive
Boulder-Requester: 3155380841
Cache-Control: public, max-age=0, no-cache
Link: <https://acme-v02.api.letsencrypt.org/directory>;rel="index"
Location: https://acme-v02.api.letsencrypt.org/acme/order/3155380841/491676356501
Replay-Nonce: sZBwmB34TXBrrwurgVZsz8fr8EDaSZfhF_JSDcUw5AgIcO130j8
X-Frame-Options: DENY
Strict-Transport-Security: max-age=604800

{
  "status": "pending",
  "expires": "2026-03-25T04:18:18Z",
  "identifiers": [
    {
      "type": "dns",
      "value": "user1.vscode.apperlabs.com"
    }
  ],
  "authorizations": [
    "https://acme-v02.api.letsencrypt.org/acme/authz/3155380841/674806848921"
  ],
  "finalize": "https://acme-v02.api.letsencrypt.org/acme/finalize/3155380841/491676356501"
}
2026-03-18 04:18:18,924:DEBUG:acme.client:Storing nonce: sZBwmB34TXBrrwurgVZsz8fr8EDaSZfhF_JSDcUw5AgIcO130j8
2026-03-18 04:18:18,924:DEBUG:acme.client:JWS payload:
b''
2026-03-18 04:18:18,926:DEBUG:acme.client:Sending POST request to https://acme-v02.api.letsencrypt.org/acme/authz/3155380841/674806848921:
{
  "protected": "eyJhbGciOiAiUlMyNTYiLCAia2lkIjogImh0dHBzOi8vYWNtZS12MDIuYXBpLmxldHNlbmNyeXB0Lm9yZy9hY21lL2FjY3QvMzE1NTM4MDg0MSIsICJub25jZSI6ICJzWkJ3bUIzNFRYQnJyd3VyZ1Zac3o4ZnI4RURhU1pmaEZfSlNEY1V3NUFnSWNPMTMwajgiLCAidXJsIjogImh0dHBzOi8vYWNtZS12MDIuYXBpLmxldHNlbmNyeXB0Lm9yZy9hY21lL2F1dGh6LzMxNTUzODA4NDEvNjc0ODA2ODQ4OTIxIn0",
  "signature": "BupnmXtlrpd0dhwz1zbUC6WFEjxV68PjRUWKv1EKnN-urdRRY8RiW4R6bF8tuMtAgC1YkbOQRbpGLTnHeCccfGiQELUArogp0I2uW9sJIHs_AkvbPRZcJfA1KgsKSQnKZVfPgluJy5nQ8DUFbdRqGcKbcmeJme3QbCCwSAcypE_1-veXSREBxw_94SJSyIrOZ9UPdEDYrMGNY_l8atC--ejdSMVBeWRceiuIQkcaDk5IK0-chK5rk5GtTob_RxBFN7zCAiX_7TzbAkKSvnjWozNnqvjyn0Quz-fGVk3ebPM1KBJMPsWZC1ud8anUkBujz8tyq4Ysz4JLXeZ9ZICJbg",
  "payload": ""
}
2026-03-18 04:18:19,141:DEBUG:urllib3.connectionpool:https://acme-v02.api.letsencrypt.org:443 "POST /acme/authz/3155380841/674806848921 HTTP/1.1" 200 834
2026-03-18 04:18:19,142:DEBUG:acme.client:Received response:
HTTP 200
Server: nginx
Date: Wed, 18 Mar 2026 04:18:19 GMT
Content-Type: application/json
Content-Length: 834
Connection: keep-alive
Boulder-Requester: 3155380841
Cache-Control: public, max-age=0, no-cache
Link: <https://acme-v02.api.letsencrypt.org/directory>;rel="index"
Replay-Nonce: sZBwmB34zBvY0DnSgH0ykZgCIAVPM8wTTFowWvci5Z_BO6Lq3MQ
X-Frame-Options: DENY
Strict-Transport-Security: max-age=604800

{
  "identifier": {
    "type": "dns",
    "value": "user1.vscode.apperlabs.com"
  },
  "status": "pending",
  "expires": "2026-03-25T04:18:18Z",
  "challenges": [
    {
      "type": "dns-01",
      "url": "https://acme-v02.api.letsencrypt.org/acme/chall/3155380841/674806848921/COXnnQ",
      "status": "pending",
      "token": "rwxSuUlfr7V05KHVjlLGco1YcKStRKfn8xC8fyUWFcw"
    },
    {
      "type": "http-01",
      "url": "https://acme-v02.api.letsencrypt.org/acme/chall/3155380841/674806848921/VmeFQQ",
      "status": "pending",
      "token": "rwxSuUlfr7V05KHVjlLGco1YcKStRKfn8xC8fyUWFcw"
    },
    {
      "type": "tls-alpn-01",
      "url": "https://acme-v02.api.letsencrypt.org/acme/chall/3155380841/674806848921/lyI8rg",
      "status": "pending",
      "token": "rwxSuUlfr7V05KHVjlLGco1YcKStRKfn8xC8fyUWFcw"
    }
  ]
}
2026-03-18 04:18:19,142:DEBUG:acme.client:Storing nonce: sZBwmB34zBvY0DnSgH0ykZgCIAVPM8wTTFowWvci5Z_BO6Lq3MQ
2026-03-18 04:18:19,142:DEBUG:acme.challenges:tls-alpn-01 was not recognized, full message: {'type': 'tls-alpn-01', 'url': 'https://acme-v02.api.letsencrypt.org/acme/chall/3155380841/674806848921/lyI8rg', 'status': 'pending', 'token': 'rwxSuUlfr7V05KHVjlLGco1YcKStRKfn8xC8fyUWFcw'}
2026-03-18 04:18:19,143:INFO:certbot._internal.auth_handler:Performing the following challenges:
2026-03-18 04:18:19,143:INFO:certbot._internal.auth_handler:http-01 challenge for Identifier(typ=IdentifierType(dns), value='user1.vscode.apperlabs.com')
2026-03-18 04:18:19,143:INFO:certbot._internal.plugins.webroot:Using the webroot path /data/letsencrypt-acme-challenge for all unmatched domains.
2026-03-18 04:18:19,144:DEBUG:certbot._internal.plugins.webroot:Creating root challenges validation dir at /data/letsencrypt-acme-challenge/.well-known/acme-challenge
2026-03-18 04:18:19,145:DEBUG:certbot._internal.plugins.webroot:Attempting to save validation to /data/letsencrypt-acme-challenge/.well-known/acme-challenge/rwxSuUlfr7V05KHVjlLGco1YcKStRKfn8xC8fyUWFcw
2026-03-18 04:18:19,145:DEBUG:acme.client:JWS payload:
b'{}'
2026-03-18 04:18:19,147:DEBUG:acme.client:Sending POST request to https://acme-v02.api.letsencrypt.org/acme/chall/3155380841/674806848921/VmeFQQ:
{
  "protected": "eyJhbGciOiAiUlMyNTYiLCAia2lkIjogImh0dHBzOi8vYWNtZS12MDIuYXBpLmxldHNlbmNyeXB0Lm9yZy9hY21lL2FjY3QvMzE1NTM4MDg0MSIsICJub25jZSI6ICJzWkJ3bUIzNHpCdlkwRG5TZ0gweWtaZ0NJQVZQTTh3VFRGb3dXdmNpNVpfQk82THEzTVEiLCAidXJsIjogImh0dHBzOi8vYWNtZS12MDIuYXBpLmxldHNlbmNyeXB0Lm9yZy9hY21lL2NoYWxsLzMxNTUzODA4NDEvNjc0ODA2ODQ4OTIxL1ZtZUZRUSJ9",
  "signature": "FRdQowRCzKJ6aGKHjURdr96BSghVKXMz4RD-T5vTA_UJOOK9tYQYfYKwCGGioN7JCirK226al2J27fC05u6Bx7nUqB-3NHcpruGaex7uNdgysLPjxi3zNHOIeE2jTYNF-Sd6IOoKzNc_zeiDUDIl2TxfvHIo_aqpzILC2WW5WjsQ_hfzxR9tJ_Xl8IU4lof5ZvsOvqiuopspnjLOBQ7q1npKHi9-tZrbGJMYZ9na6zbcHfQ5UasJ1qxHZVJQ2h3yZPjkXs0zs5zFP-tKxZUxo0iDG5wup5IXZV5qgqPPBoJhK5R4iQjhY527xShWM-yTMvIS27zos120NtguDIk4qQ",
  "payload": "e30"
}
2026-03-18 04:18:19,364:DEBUG:urllib3.connectionpool:https://acme-v02.api.letsencrypt.org:443 "POST /acme/chall/3155380841/674806848921/VmeFQQ HTTP/1.1" 200 195
2026-03-18 04:18:19,364:DEBUG:acme.client:Received response:
HTTP 200
Server: nginx
Date: Wed, 18 Mar 2026 04:18:19 GMT
Content-Type: application/json
Content-Length: 195
Connection: keep-alive
Boulder-Requester: 3155380841
Cache-Control: public, max-age=0, no-cache
Link: <https://acme-v02.api.letsencrypt.org/directory>;rel="index", <https://acme-v02.api.letsencrypt.org/acme/authz/3155380841/674806848921>;rel="up"
Location: https://acme-v02.api.letsencrypt.org/acme/chall/3155380841/674806848921/VmeFQQ
Replay-Nonce: sZBwmB34zbxALEw4iQTViqULsdiZftnIGSxtIW8xNfzcNtUyQCM
X-Frame-Options: DENY
Strict-Transport-Security: max-age=604800

{
  "type": "http-01",
  "url": "https://acme-v02.api.letsencrypt.org/acme/chall/3155380841/674806848921/VmeFQQ",
  "status": "pending",
  "token": "rwxSuUlfr7V05KHVjlLGco1YcKStRKfn8xC8fyUWFcw"
}
2026-03-18 04:18:19,364:DEBUG:acme.client:Storing nonce: sZBwmB34zbxALEw4iQTViqULsdiZftnIGSxtIW8xNfzcNtUyQCM
2026-03-18 04:18:19,365:INFO:certbot._internal.auth_handler:Waiting for verification...
2026-03-18 04:18:20,365:DEBUG:acme.client:JWS payload:
b''
2026-03-18 04:18:20,367:DEBUG:acme.client:Sending POST request to https://acme-v02.api.letsencrypt.org/acme/authz/3155380841/674806848921:
{
  "protected": "eyJhbGciOiAiUlMyNTYiLCAia2lkIjogImh0dHBzOi8vYWNtZS12MDIuYXBpLmxldHNlbmNyeXB0Lm9yZy9hY21lL2FjY3QvMzE1NTM4MDg0MSIsICJub25jZSI6ICJzWkJ3bUIzNHpieEFMRXc0aVFUVmlxVUxzZGlaZnRuSUdTeHRJVzh4TmZ6Y050VXlRQ00iLCAidXJsIjogImh0dHBzOi8vYWNtZS12MDIuYXBpLmxldHNlbmNyeXB0Lm9yZy9hY21lL2F1dGh6LzMxNTUzODA4NDEvNjc0ODA2ODQ4OTIxIn0",
  "signature": "PMRyEsuqzSdY04jcSilDaYW5aVN2P6KxbmRFP5Y7oye04EaufM6J28gCpKVA867hL1FLQZ3MXAFwV-KZOH7YlDMDDNmrooTN9egqMotwcsPvrz-0k1u9SU0jr4-z7lcpWC4iJe8KtEX3AFZRfsl6ClBk_uvvVQCewFoqaYtT6nDq0RpklkUqcFqRFoRjou-edg5Yj9Yq35-y4UAa-8jXKVdh1P-IJKblFQKTXxHNGRVvZQ_NXeRl1g9KE9jToH60uXom5r9a6tJeh5hNBRN3WLljd2JMMlnazfUPSaASJre3Z64kcKJlj__9IYWYKjlh4kLslJ1Apl6QydugRMZ9HA",
  "payload": ""
}
2026-03-18 04:18:20,582:DEBUG:urllib3.connectionpool:https://acme-v02.api.letsencrypt.org:443 "POST /acme/authz/3155380841/674806848921 HTTP/1.1" 200 785
2026-03-18 04:18:20,582:DEBUG:acme.client:Received response:
HTTP 200
Server: nginx
Date: Wed, 18 Mar 2026 04:18:20 GMT
Content-Type: application/json
Content-Length: 785
Connection: keep-alive
Boulder-Requester: 3155380841
Cache-Control: public, max-age=0, no-cache
Link: <https://acme-v02.api.letsencrypt.org/directory>;rel="index"
Replay-Nonce: sZBwmB34supr1T4MC4wbghkrce6zp2h2lV6tWPe_HFA9kDt_7Uw
X-Frame-Options: DENY
Strict-Transport-Security: max-age=604800

{
  "identifier": {
    "type": "dns",
    "value": "user1.vscode.apperlabs.com"
  },
  "status": "invalid",
  "expires": "2026-03-25T04:18:18Z",
  "challenges": [
    {
      "type": "http-01",
      "url": "https://acme-v02.api.letsencrypt.org/acme/chall/3155380841/674806848921/VmeFQQ",
      "status": "invalid",
      "validated": "2026-03-18T04:18:19Z",
      "error": {
        "type": "urn:ietf:params:acme:error:dns",
        "detail": "DNS problem: NXDOMAIN looking up A for user1.vscode.apperlabs.com - check that a DNS record exists for this domain; DNS problem: NXDOMAIN looking up AAAA for user1.vscode.apperlabs.com - check that a DNS record exists for this domain",
        "status": 400
      },
      "token": "rwxSuUlfr7V05KHVjlLGco1YcKStRKfn8xC8fyUWFcw"
    }
  ]
}
2026-03-18 04:18:20,583:DEBUG:acme.client:Storing nonce: sZBwmB34supr1T4MC4wbghkrce6zp2h2lV6tWPe_HFA9kDt_7Uw
2026-03-18 04:18:20,583:INFO:certbot._internal.auth_handler:Challenge failed for domain user1.vscode.apperlabs.com
2026-03-18 04:18:20,583:INFO:certbot._internal.auth_handler:http-01 challenge for Identifier(typ=IdentifierType(dns), value='user1.vscode.apperlabs.com')
2026-03-18 04:18:20,583:DEBUG:certbot._internal.display.obj:Notifying user: 
Certbot failed to authenticate some domains (authenticator: webroot). The Certificate Authority reported these problems:
  Identifier: user1.vscode.apperlabs.com
  Type:   dns
  Detail: DNS problem: NXDOMAIN looking up A for user1.vscode.apperlabs.com - check that a DNS record exists for this domain; DNS problem: NXDOMAIN looking up AAAA for user1.vscode.apperlabs.com - check that a DNS record exists for this domain

Hint: The Certificate Authority failed to download the temporary challenge files created by Certbot. Ensure that the listed domains serve their content from the provided --webroot-path/-w and that files created there can be downloaded from the internet.

2026-03-18 04:18:20,584:DEBUG:certbot._internal.error_handler:Encountered exception:
Traceback (most recent call last):
  File "/opt/certbot/lib/python3.11/site-packages/certbot/_internal/auth_handler.py", line 104, in handle_authorizations
    self._poll_authorizations(authzrs, max_retries, max_time_mins, best_effort)
  File "/opt/certbot/lib/python3.11/site-packages/certbot/_internal/auth_handler.py", line 208, in _poll_authorizations
    raise errors.AuthorizationError('Some challenges have failed.')
certbot.errors.AuthorizationError: Some challenges have failed.

2026-03-18 04:18:20,584:DEBUG:certbot._internal.error_handler:Calling registered functions
2026-03-18 04:18:20,584:INFO:certbot._internal.auth_handler:Cleaning up challenges
2026-03-18 04:18:20,584:DEBUG:certbot._internal.plugins.webroot:Removing /data/letsencrypt-acme-challenge/.well-known/acme-challenge/rwxSuUlfr7V05KHVjlLGco1YcKStRKfn8xC8fyUWFcw
2026-03-18 04:18:20,585:DEBUG:certbot._internal.plugins.webroot:All challenges cleaned up
2026-03-18 04:18:20,585:DEBUG:certbot._internal.log:Exiting abnormally:
Traceback (most recent call last):
  File "/opt/certbot/bin/certbot", line 6, in <module>
    sys.exit(main())
             ^^^^^^
  File "/opt/certbot/lib/python3.11/site-packages/certbot/main.py", line 18, in main
    return internal_main.main(cli_args)
           ^^^^^^^^^^^^^^^^^^^^^^^^^^^^
  File "/opt/certbot/lib/python3.11/site-packages/certbot/_internal/main.py", line 1886, in main
    return config.func(config, plugins)
           ^^^^^^^^^^^^^^^^^^^^^^^^^^^^
  File "/opt/certbot/lib/python3.11/site-packages/certbot/_internal/main.py", line 1598, in certonly
    lineage = _get_and_save_cert(le_client, config, sans, certname, lineage)
              ^^^^^^^^^^^^^^^^^^^^^^^^^^^^^^^^^^^^^^^^^^^^^^^^^^^^^^^^^^^^^^
  File "/opt/certbot/lib/python3.11/site-packages/certbot/_internal/main.py", line 143, in _get_and_save_cert
    lineage = le_client.obtain_and_enroll_certificate(sans, certname)
              ^^^^^^^^^^^^^^^^^^^^^^^^^^^^^^^^^^^^^^^^^^^^^^^^^^^^^^^
  File "/opt/certbot/lib/python3.11/site-packages/certbot/_internal/client.py", line 533, in obtain_and_enroll_certificate
    cert, chain, key, _ = self.obtain_certificate(sans)
                          ^^^^^^^^^^^^^^^^^^^^^^^^^^^^^
  File "/opt/certbot/lib/python3.11/site-packages/certbot/_internal/client.py", line 434, in obtain_certificate
    orderr = self._get_order_and_authorizations(csr.data, self.config.allow_subset_of_names)
             ^^^^^^^^^^^^^^^^^^^^^^^^^^^^^^^^^^^^^^^^^^^^^^^^^^^^^^^^^^^^^^^^^^^^^^^^^^^^^^^
  File "/opt/certbot/lib/python3.11/site-packages/certbot/_internal/client.py", line 512, in _get_order_and_authorizations
    authzr = self.auth_handler.handle_authorizations(orderr, self.config, best_effort)
             ^^^^^^^^^^^^^^^^^^^^^^^^^^^^^^^^^^^^^^^^^^^^^^^^^^^^^^^^^^^^^^^^^^^^^^^^^
  File "/opt/certbot/lib/python3.11/site-packages/certbot/_internal/auth_handler.py", line 104, in handle_authorizations
    self._poll_authorizations(authzrs, max_retries, max_time_mins, best_effort)
  File "/opt/certbot/lib/python3.11/site-packages/certbot/_internal/auth_handler.py", line 208, in _poll_authorizations
    raise errors.AuthorizationError('Some challenges have failed.')
certbot.errors.AuthorizationError: Some challenges have failed.
2026-03-18 04:18:20,588:ERROR:certbot._internal.log:Some challenges have failed.
